2022-11-18 11:26:07,810 - get_inframe_targetfile.py - __main__ - main - INFO - [INFO]:    Script was called with these arguments:
2022-11-18 11:26:07,811 - get_inframe_targetfile.py - __main__ - main - INFO -            nomatches_all.FNA

2022-11-18 11:26:07,878 - get_inframe_targetfile.py - __main__ - get_inframe_sequence - DEBUG - Translated sequence Brachyotum_appended-6641 contains at least one stop codon in frame 1, moving on...
2022-11-18 11:26:07,878 - get_inframe_targetfile.py - __main__ - get_inframe_sequence - DEBUG - Translated sequence Brachyotum_appended-6641 contains at least one stop codon in frame 2, moving on...
2022-11-18 11:26:07,878 - get_inframe_targetfile.py - __main__ - get_inframe_sequence - DEBUG - Translated sequence Brachyotum_appended-6641 contains at least one stop codon in frame 3, moving on...
2022-11-18 11:26:07,879 - get_inframe_targetfile.py - __main__ - get_inframe_sequence - DEBUG - Translated sequence Miconia-KT377110.1 contains at least one stop codon in frame 1, moving on...
2022-11-18 11:26:07,879 - get_inframe_targetfile.py - __main__ - get_inframe_sequence - DEBUG - Translated sequence Miconia-KT377110.1 contains at least one stop codon in frame 2, moving on...
2022-11-18 11:26:07,879 - get_inframe_targetfile.py - __main__ - get_inframe_sequence - DEBUG - Translated sequence Miconia-KT377110.1 contains at least one stop codon in frame 3, moving on...
2022-11-18 11:26:07,880 - get_inframe_targetfile.py - __main__ - get_inframe_sequence - DEBUG - Translated sequence Tibouchina1-4890 does not contain any stop codons in frame 1
2022-11-18 11:26:07,880 - get_inframe_targetfile.py - __main__ - get_inframe_sequence - DEBUG - Translated sequence Tibouchina1-6198 contains at least one stop codon in frame 1, moving on...
2022-11-18 11:26:07,880 - get_inframe_targetfile.py - __main__ - get_inframe_sequence - DEBUG - Translated sequence Tibouchina1-6198 contains at least one stop codon in frame 2, moving on...
2022-11-18 11:26:07,880 - get_inframe_targetfile.py - __main__ - get_inframe_sequence - DEBUG - Translated sequence Tibouchina1-6198 contains at least one stop codon in frame 3, moving on...
2022-11-18 11:26:07,880 - get_inframe_targetfile.py - __main__ - get_inframe_sequence - DEBUG - Translated sequence Tibouchina1-6318 contains at least one stop codon in frame 1, moving on...
2022-11-18 11:26:07,880 - get_inframe_targetfile.py - __main__ - get_inframe_sequence - DEBUG - Translated sequence Tibouchina1-6318 contains at least one stop codon in frame 2, moving on...
2022-11-18 11:26:07,881 - get_inframe_targetfile.py - __main__ - get_inframe_sequence - DEBUG - Translated sequence Tibouchina1-6318 does not contain any stop codons in frame 3
2022-11-18 11:26:07,881 - get_inframe_targetfile.py - __main__ - get_inframe_sequence - DEBUG - Translated sequence Tibouchina2-4890 contains at least one stop codon in frame 1, moving on...
2022-11-18 11:26:07,881 - get_inframe_targetfile.py - __main__ - get_inframe_sequence - DEBUG - Translated sequence Tibouchina2-4890 does not contain any stop codons in frame 2
2022-11-18 11:26:07,881 - get_inframe_targetfile.py - __main__ - get_inframe_sequence - DEBUG - Translated sequence Tibouchina2-6198 contains at least one stop codon in frame 1, moving on...
2022-11-18 11:26:07,881 - get_inframe_targetfile.py - __main__ - get_inframe_sequence - DEBUG - Translated sequence Tibouchina2-6198 contains at least one stop codon in frame 2, moving on...
2022-11-18 11:26:07,882 - get_inframe_targetfile.py - __main__ - get_inframe_sequence - DEBUG - Translated sequence Tibouchina2-6198 contains at least one stop codon in frame 3, moving on...
2022-11-18 11:26:07,882 - get_inframe_targetfile.py - __main__ - get_inframe_sequence - DEBUG - Translated sequence Tibouchina2-6318 contains at least one stop codon in frame 1, moving on...
2022-11-18 11:26:07,882 - get_inframe_targetfile.py - __main__ - get_inframe_sequence - DEBUG - Translated sequence Tibouchina2-6318 contains at least one stop codon in frame 2, moving on...
2022-11-18 11:26:07,882 - get_inframe_targetfile.py - __main__ - get_inframe_sequence - DEBUG - Translated sequence Tibouchina2-6318 contains at least one stop codon in frame 3, moving on...
2022-11-18 11:26:07,882 - get_inframe_targetfile.py - __main__ - get_inframe_sequence - DEBUG - Translated sequence Tibouchina-4802 does not contain any stop codons in frame 1
2022-11-18 11:26:07,883 - get_inframe_targetfile.py - __main__ - get_inframe_sequence - DEBUG - Translated sequence Tibouchina-5032 contains at least one stop codon in frame 1, moving on...
2022-11-18 11:26:07,883 - get_inframe_targetfile.py - __main__ - get_inframe_sequence - DEBUG - Translated sequence Tibouchina-5032 contains at least one stop codon in frame 2, moving on...
2022-11-18 11:26:07,883 - get_inframe_targetfile.py - __main__ - get_inframe_sequence - DEBUG - Translated sequence Tibouchina-5032 contains at least one stop codon in frame 3, moving on...
2022-11-18 11:26:07,883 - get_inframe_targetfile.py - __main__ - get_inframe_sequence - DEBUG - Translated sequence Tibouchina-5034 does not contain any stop codons in frame 1
2022-11-18 11:26:07,883 - get_inframe_targetfile.py - __main__ - get_inframe_sequence - DEBUG - Translated sequence Tibouchina-5188 contains at least one stop codon in frame 1, moving on...
2022-11-18 11:26:07,884 - get_inframe_targetfile.py - __main__ - get_inframe_sequence - DEBUG - Translated sequence Tibouchina-5188 contains at least one stop codon in frame 2, moving on...
2022-11-18 11:26:07,884 - get_inframe_targetfile.py - __main__ - get_inframe_sequence - DEBUG - Translated sequence Tibouchina-5188 does not contain any stop codons in frame 3
2022-11-18 11:26:07,884 - get_inframe_targetfile.py - __main__ - get_inframe_sequence - DEBUG - Translated sequence Tibouchina-5318 contains at least one stop codon in frame 1, moving on...
2022-11-18 11:26:07,884 - get_inframe_targetfile.py - __main__ - get_inframe_sequence - DEBUG - Translated sequence Tibouchina-5318 contains at least one stop codon in frame 2, moving on...
2022-11-18 11:26:07,884 - get_inframe_targetfile.py - __main__ - get_inframe_sequence - DEBUG - Translated sequence Tibouchina-5318 contains at least one stop codon in frame 3, moving on...
2022-11-18 11:26:07,885 - get_inframe_targetfile.py - __main__ - get_inframe_sequence - DEBUG - Translated sequence Tibouchina-5427 contains at least one stop codon in frame 1, moving on...
2022-11-18 11:26:07,885 - get_inframe_targetfile.py - __main__ - get_inframe_sequence - DEBUG - Translated sequence Tibouchina-5427 contains at least one stop codon in frame 2, moving on...
2022-11-18 11:26:07,885 - get_inframe_targetfile.py - __main__ - get_inframe_sequence - DEBUG - Translated sequence Tibouchina-5427 contains at least one stop codon in frame 3, moving on...
2022-11-18 11:26:07,885 - get_inframe_targetfile.py - __main__ - get_inframe_sequence - DEBUG - Translated sequence Tibouchina-5463 contains at least one stop codon in frame 1, moving on...
2022-11-18 11:26:07,885 - get_inframe_targetfile.py - __main__ - get_inframe_sequence - DEBUG - Translated sequence Tibouchina-5463 contains at least one stop codon in frame 2, moving on...
2022-11-18 11:26:07,886 - get_inframe_targetfile.py - __main__ - get_inframe_sequence - DEBUG - Translated sequence Tibouchina-5463 contains at least one stop codon in frame 3, moving on...
2022-11-18 11:26:07,886 - get_inframe_targetfile.py - __main__ - get_inframe_sequence - DEBUG - Translated sequence Tibouchina-5489 contains at least one stop codon in frame 1, moving on...
2022-11-18 11:26:07,886 - get_inframe_targetfile.py - __main__ - get_inframe_sequence - DEBUG - Translated sequence Tibouchina-5489 contains at least one stop codon in frame 2, moving on...
2022-11-18 11:26:07,886 - get_inframe_targetfile.py - __main__ - get_inframe_sequence - DEBUG - Translated sequence Tibouchina-5489 contains at least one stop codon in frame 3, moving on...
2022-11-18 11:26:07,886 - get_inframe_targetfile.py - __main__ - get_inframe_sequence - DEBUG - Translated sequence Tibouchina-5702 contains at least one stop codon in frame 1, moving on...
2022-11-18 11:26:07,886 - get_inframe_targetfile.py - __main__ - get_inframe_sequence - DEBUG - Translated sequence Tibouchina-5702 contains at least one stop codon in frame 2, moving on...
2022-11-18 11:26:07,887 - get_inframe_targetfile.py - __main__ - get_inframe_sequence - DEBUG - Translated sequence Tibouchina-5702 does not contain any stop codons in frame 3
2022-11-18 11:26:07,887 - get_inframe_targetfile.py - __main__ - get_inframe_sequence - DEBUG - Translated sequence Tibouchina-5815 contains at least one stop codon in frame 1, moving on...
2022-11-18 11:26:07,887 - get_inframe_targetfile.py - __main__ - get_inframe_sequence - DEBUG - Translated sequence Tibouchina-5815 contains at least one stop codon in frame 2, moving on...
2022-11-18 11:26:07,887 - get_inframe_targetfile.py - __main__ - get_inframe_sequence - DEBUG - Translated sequence Tibouchina-5815 does not contain any stop codons in frame 3
2022-11-18 11:26:07,888 - get_inframe_targetfile.py - __main__ - get_inframe_sequence - DEBUG - Translated sequence Tibouchina-5816 contains at least one stop codon in frame 1, moving on...
2022-11-18 11:26:07,888 - get_inframe_targetfile.py - __main__ - get_inframe_sequence - DEBUG - Translated sequence Tibouchina-5816 contains at least one stop codon in frame 2, moving on...
2022-11-18 11:26:07,888 - get_inframe_targetfile.py - __main__ - get_inframe_sequence - DEBUG - Translated sequence Tibouchina-5816 contains at least one stop codon in frame 3, moving on...
2022-11-18 11:26:07,888 - get_inframe_targetfile.py - __main__ - get_inframe_sequence - DEBUG - Translated sequence Tibouchina-5843 contains at least one stop codon in frame 1, moving on...
2022-11-18 11:26:07,888 - get_inframe_targetfile.py - __main__ - get_inframe_sequence - DEBUG - Translated sequence Tibouchina-5843 does not contain any stop codons in frame 2
2022-11-18 11:26:07,889 - get_inframe_targetfile.py - __main__ - get_inframe_sequence - DEBUG - Translated sequence Tibouchina-6274 contains at least one stop codon in frame 1, moving on...
2022-11-18 11:26:07,889 - get_inframe_targetfile.py - __main__ - get_inframe_sequence - DEBUG - Translated sequence Tibouchina-6274 does not contain any stop codons in frame 2
2022-11-18 11:26:07,889 - get_inframe_targetfile.py - __main__ - get_inframe_sequence - DEBUG - Translated sequence Tibouchina-6448 does not contain any stop codons in frame 1
2022-11-18 11:26:07,889 - get_inframe_targetfile.py - __main__ - get_inframe_sequence - DEBUG - Translated sequence Tibouchina-6565 contains at least one stop codon in frame 1, moving on...
2022-11-18 11:26:07,889 - get_inframe_targetfile.py - __main__ - get_inframe_sequence - DEBUG - Translated sequence Tibouchina-6565 contains at least one stop codon in frame 2, moving on...
2022-11-18 11:26:07,890 - get_inframe_targetfile.py - __main__ - get_inframe_sequence - DEBUG - Translated sequence Tibouchina-6565 contains at least one stop codon in frame 3, moving on...
2022-11-18 11:26:07,890 - get_inframe_targetfile.py - __main__ - get_inframe_sequence - DEBUG - Translated sequence Tibouchina-6705 contains at least one stop codon in frame 1, moving on...
2022-11-18 11:26:07,890 - get_inframe_targetfile.py - __main__ - get_inframe_sequence - DEBUG - Translated sequence Tibouchina-6705 does not contain any stop codons in frame 2
2022-11-18 11:26:07,890 - get_inframe_targetfile.py - __main__ - get_inframe_sequence - DEBUG - Translated sequence Tibouchina-6860 contains at least one stop codon in frame 1, moving on...
2022-11-18 11:26:07,890 - get_inframe_targetfile.py - __main__ - get_inframe_sequence - DEBUG - Translated sequence Tibouchina-6860 does not contain any stop codons in frame 2
2022-11-18 11:26:07,890 - get_inframe_targetfile.py - __main__ - get_inframe_sequence - DEBUG - Translated sequence Tibouchina_appended-5926 does not contain any stop codons in frame 1
2022-11-18 11:26:07,891 - get_inframe_targetfile.py - __main__ - get_inframe_sequence - DEBUG - Translated sequence Torricelli-5463 does not contain any stop codons in frame 1
2022-11-18 11:26:07,891 - get_inframe_targetfile.py - __main__ - get_inframe_sequence - INFO - [INFO]:    Number of sequences with at least one stop codon in all forwards frames: 12
